<?xml version="1.0" encoding="UTF-8"?>
<testsuite name="RestAPITest" tests="2" skipped="0" failures="0" errors="0" timestamp="2021-02-20T16:52:44" hostname="DESKTOP-J8OUKN9" time="1.368">
  <properties/>
  <testcase name="testGetUsers" classname="RestAPITest" time="1.253"/>
  <testcase name="testGetUserById" classname="RestAPITest" time="0.112"/>
  <system-out><![CDATA[01:52:26.693 [Test worker] DEBUG org.springframework.test.context.junit4.SpringJUnit4ClassRunner - SpringJUnit4ClassRunner constructor called with [class RestAPITest]
01:52:26.710 [Test worker] DEBUG org.springframework.test.context.BootstrapUtils - Instantiating CacheAwareContextLoaderDelegate from class [org.springframework.test.context.cache.DefaultCacheAwareContextLoaderDelegate]
01:52:26.728 [Test worker] DEBUG org.springframework.test.context.BootstrapUtils - Instantiating BootstrapContext using constructor [public org.springframework.test.context.support.DefaultBootstrapContext(java.lang.Class,org.springframework.test.context.CacheAwareContextLoaderDelegate)]
01:52:26.788 [Test worker] DEBUG org.springframework.test.context.BootstrapUtils - Instantiating TestContextBootstrapper for test class [RestAPITest] from class [org.springframework.boot.test.context.SpringBootTestContextBootstrapper]
01:52:26.820 [Test worker] INFO org.springframework.boot.test.context.SpringBootTestContextBootstrapper - Neither @ContextConfiguration nor @ContextHierarchy found for test class [RestAPITest], using SpringBootContextLoader
01:52:26.828 [Test worker] DEBUG org.springframework.test.context.support.AbstractContextLoader - Did not detect default resource location for test class [RestAPITest]: class path resource [RestAPITest-context.xml] does not exist
01:52:26.829 [Test worker] DEBUG org.springframework.test.context.support.AbstractContextLoader - Did not detect default resource location for test class [RestAPITest]: class path resource [RestAPITestContext.groovy] does not exist
01:52:26.832 [Test worker] INFO org.springframework.test.context.support.AbstractContextLoader - Could not detect default resource locations for test class [RestAPITest]: no resource found for suffixes {-context.xml, Context.groovy}.
01:52:26.970 [Test worker] DEBUG org.springframework.test.context.support.ActiveProfilesUtils - Could not find an 'annotation declaring class' for annotation type [org.springframework.test.context.ActiveProfiles] and class [RestAPITest]
01:52:27.054 [Test worker] DEBUG org.springframework.boot.test.context.SpringBootTestContextBootstrapper - @TestExecutionListeners is not present for class [RestAPITest]: using defaults.
01:52:27.074 [Test worker] INFO org.springframework.boot.test.context.SpringBootTestContextBootstrapper - Loaded default TestExecutionListener class names from location [META-INF/spring.factories]: [org.springframework.boot.test.autoconfigure.restdocs.RestDocsTestExecutionListener, org.springframework.boot.test.autoconfigure.web.client.MockRestServiceServerResetTestExecutionListener, org.springframework.boot.test.autoconfigure.web.servlet.MockMvcPrintOnlyOnFailureTestExecutionListener, org.springframework.boot.test.autoconfigure.web.servlet.WebDriverTestExecutionListener, org.springframework.boot.test.mock.mockito.MockitoTestExecutionListener, org.springframework.boot.test.mock.mockito.ResetMocksTestExecutionListener, org.springframework.test.context.web.ServletTestExecutionListener, org.springframework.test.context.support.DirtiesContextBeforeModesTestExecutionListener, org.springframework.test.context.support.DependencyInjectionTestExecutionListener, org.springframework.test.context.support.DirtiesContextTestExecutionListener, org.springframework.test.context.transaction.TransactionalTestExecutionListener, org.springframework.test.context.jdbc.SqlScriptsTestExecutionListener]
01:52:27.135 [Test worker] INFO org.springframework.boot.test.context.SpringBootTestContextBootstrapper - Could not instantiate TestExecutionListener [org.springframework.test.context.transaction.TransactionalTestExecutionListener]. Specify custom listener classes or make the default listener classes (and their required dependencies) available. Offending class: [org/springframework/transaction/interceptor/TransactionAttributeSource]
01:52:27.136 [Test worker] INFO org.springframework.boot.test.context.SpringBootTestContextBootstrapper - Could not instantiate TestExecutionListener [org.springframework.test.context.jdbc.SqlScriptsTestExecutionListener]. Specify custom listener classes or make the default listener classes (and their required dependencies) available. Offending class: [org/springframework/transaction/interceptor/TransactionAttribute]
01:52:27.138 [Test worker] INFO org.springframework.boot.test.context.SpringBootTestContextBootstrapper - Using TestExecutionListeners: [org.springframework.test.context.web.ServletTestExecutionListener@585d68cb, org.springframework.test.context.support.DirtiesContextBeforeModesTestExecutionListener@5084108b, org.springframework.boot.test.autoconfigure.SpringBootDependencyInjectionTestExecutionListener@30ddc312, org.springframework.test.context.support.DirtiesContextTestExecutionListener@5e493b3d, org.springframework.boot.test.autoconfigure.restdocs.RestDocsTestExecutionListener@6d611b0f, org.springframework.boot.test.mock.mockito.ResetMocksTestExecutionListener@1d915e60, org.springframework.boot.test.mock.mockito.MockitoTestExecutionListener@430adb93, org.springframework.boot.test.autoconfigure.web.client.MockRestServiceServerResetTestExecutionListener@548d801c, org.springframework.boot.test.autoconfigure.web.servlet.WebDriverTestExecutionListener@315140e1, org.springframework.boot.test.autoconfigure.web.servlet.MockMvcPrintOnlyOnFailureTestExecutionListener@26246af5]
01:52:27.149 [Test worker] DEBUG org.springframework.test.annotation.ProfileValueUtils - Retrieved @ProfileValueSourceConfiguration [null] for test class [RestAPITest]
01:52:27.151 [Test worker] DEBUG org.springframework.test.annotation.ProfileValueUtils - Retrieved ProfileValueSource type [class org.springframework.test.annotation.SystemProfileValueSource] for class [RestAPITest]
01:52:27.156 [Test worker] DEBUG org.springframework.test.annotation.ProfileValueUtils - Retrieved @ProfileValueSourceConfiguration [null] for test class [RestAPITest]
01:52:27.157 [Test worker] DEBUG org.springframework.test.annotation.ProfileValueUtils - Retrieved ProfileValueSource type [class org.springframework.test.annotation.SystemProfileValueSource] for class [RestAPITest]
01:52:27.159 [Test worker] DEBUG org.springframework.test.annotation.ProfileValueUtils - Retrieved @ProfileValueSourceConfiguration [null] for test class [RestAPITest]
01:52:27.159 [Test worker] DEBUG org.springframework.test.annotation.ProfileValueUtils - Retrieved ProfileValueSource type [class org.springframework.test.annotation.SystemProfileValueSource] for class [RestAPITest]
01:52:27.175 [Test worker] DEBUG org.springframework.test.context.support.AbstractDirtiesContextTestExecutionListener - Before test class: context [DefaultTestContext@76d3035b testClass = RestAPITest, testInstance = [null], testMethod = [null], testException = [null], mergedContextConfiguration = [WebMergedContextConfiguration@1ebb1bac testClass = RestAPITest, locations = '{}', classes = '{class sej.springexample.RestApp, class sej.springexample.RestApp}', contextInitializerClasses = '[]', activeProfiles = '{}', propertySourceLocations = '{}', propertySourceProperties = '{org.springframework.boot.test.context.SpringBootTestContextBootstrapper=true}', contextCustomizers = set[org.springframework.boot.test.autoconfigure.properties.PropertyMappingContextCustomizer@0, org.springframework.boot.test.autoconfigure.web.servlet.WebDriverContextCustomizerFactory$Customizer@6c4a8405, org.springframework.boot.test.context.SpringBootTestContextCustomizer@1c308528, org.springframework.boot.test.context.filter.ExcludeFilterContextCustomizer@e874a4b, org.springframework.boot.test.json.DuplicateJsonObjectContextCustomizerFactory$DuplicateJsonObjectContextCustomizer@6370cb45, org.springframework.boot.test.mock.mockito.MockitoContextCustomizer@0], resourceBasePath = 'src/main/webapp', contextLoader = 'org.springframework.boot.test.context.SpringBootContextLoader', parent = [null]]], class annotated with @DirtiesContext [false] with mode [null].
01:52:27.177 [Test worker] DEBUG org.springframework.test.annotation.ProfileValueUtils - Retrieved @ProfileValueSourceConfiguration [null] for test class [RestAPITest]
01:52:27.179 [Test worker] DEBUG org.springframework.test.annotation.ProfileValueUtils - Retrieved ProfileValueSource type [class org.springframework.test.annotation.SystemProfileValueSource] for class [RestAPITest]
01:52:27.183 [Test worker] DEBUG org.springframework.test.context.support.DependencyInjectionTestExecutionListener - Performing dependency injection for test context [[DefaultTestContext@76d3035b testClass = RestAPITest, testInstance = RestAPITest@42c1250e, testMethod = [null], testException = [null], mergedContextConfiguration = [WebMergedContextConfiguration@1ebb1bac testClass = RestAPITest, locations = '{}', classes = '{class sej.springexample.RestApp, class sej.springexample.RestApp}', contextInitializerClasses = '[]', activeProfiles = '{}', propertySourceLocations = '{}', propertySourceProperties = '{org.springframework.boot.test.context.SpringBootTestContextBootstrapper=true}', contextCustomizers = set[org.springframework.boot.test.autoconfigure.properties.PropertyMappingContextCustomizer@0, org.springframework.boot.test.autoconfigure.web.servlet.WebDriverContextCustomizerFactory$Customizer@6c4a8405, org.springframework.boot.test.context.SpringBootTestContextCustomizer@1c308528, org.springframework.boot.test.context.filter.ExcludeFilterContextCustomizer@e874a4b, org.springframework.boot.test.json.DuplicateJsonObjectContextCustomizerFactory$DuplicateJsonObjectContextCustomizer@6370cb45, org.springframework.boot.test.mock.mockito.MockitoContextCustomizer@0], resourceBasePath = 'src/main/webapp', contextLoader = 'org.springframework.boot.test.context.SpringBootContextLoader', parent = [null]]]].
01:52:27.406 [Test worker] DEBUG org.springframework.core.env.StandardEnvironment - Adding [systemProperties] PropertySource with lowest search precedence
01:52:27.411 [Test worker] DEBUG org.springframework.core.env.StandardEnvironment - Adding [systemEnvironment] PropertySource with lowest search precedence
01:52:27.413 [Test worker] DEBUG org.springframework.core.env.StandardEnvironment - Initialized StandardEnvironment with PropertySources [systemProperties,systemEnvironment]
01:52:27.417 [Test worker] DEBUG org.springframework.test.context.support.TestPropertySourceUtils - Adding inlined properties to environment: {spring.jmx.enabled=false, org.springframework.boot.test.context.SpringBootTestContextBootstrapper=true}
01:52:27.419 [Test worker] DEBUG org.springframework.core.env.StandardEnvironment - Adding [Inlined Test Properties] PropertySource with highest search precedence

  .   ____          _            __ _ _
 /\\ / ___'_ __ _ _(_)_ __  __ _ \ \ \ \
( ( )\___ | '_ | '_| | '_ \/ _` | \ \ \ \
 \\/  ___)| |_)| | | | | || (_| |  ) ) ) )
  '  |____| .__|_| |_|_| |_\__, | / / / /
 =========|_|==============|___/=/_/_/_/
 :: Spring Boot ::        (v1.5.4.RELEASE)

2021-02-21 01:52:28.555  INFO 42740 --- [    Test worker] RestAPITest                              : Starting RestAPITest on DESKTOP-J8OUKN9 with PID 42740 (started by cler3 in D:\ProjectFiles\spring-boot\chap05)
2021-02-21 01:52:28.557  INFO 42740 --- [    Test worker] RestAPITest                              : No active profile set, falling back to default profiles: default
2021-02-21 01:52:28.613  INFO 42740 --- [    Test worker] ationConfigEmbeddedWebApplicationContext : Refreshing org.springframework.boot.context.embedded.AnnotationConfigEmbeddedWebApplicationContext@4e877e9a: startup date [Sun Feb 21 01:52:28 KST 2021]; root of context hierarchy
2021-02-21 01:52:34.413  INFO 42740 --- [    Test worker] s.b.c.e.t.TomcatEmbeddedServletContainer : Tomcat initialized with port(s): 9090 (http)
2021-02-21 01:52:34.487  INFO 42740 --- [    Test worker] o.apache.catalina.core.StandardService   : Starting service [Tomcat]
2021-02-21 01:52:34.490  INFO 42740 --- [    Test worker] org.apache.catalina.core.StandardEngine  : Starting Servlet Engine: Apache Tomcat/8.5.15
2021-02-21 01:52:34.862  INFO 42740 --- [ost-startStop-1] o.a.c.c.C.[Tomcat].[localhost].[/]       : Initializing Spring embedded WebApplicationContext
2021-02-21 01:52:34.863  INFO 42740 --- [ost-startStop-1] o.s.web.context.ContextLoader            : Root WebApplicationContext: initialization completed in 6254 ms
2021-02-21 01:52:35.530  INFO 42740 --- [ost-startStop-1] o.s.b.w.servlet.ServletRegistrationBean  : Mapping servlet: 'dispatcherServlet' to [/]
2021-02-21 01:52:35.539  INFO 42740 --- [ost-startStop-1] o.s.b.w.servlet.FilterRegistrationBean   : Mapping filter: 'characterEncodingFilter' to: [/*]
2021-02-21 01:52:35.542  INFO 42740 --- [ost-startStop-1] o.s.b.w.servlet.FilterRegistrationBean   : Mapping filter: 'hiddenHttpMethodFilter' to: [/*]
2021-02-21 01:52:35.548  INFO 42740 --- [ost-startStop-1] o.s.b.w.servlet.FilterRegistrationBean   : Mapping filter: 'httpPutFormContentFilter' to: [/*]
2021-02-21 01:52:35.552  INFO 42740 --- [ost-startStop-1] o.s.b.w.servlet.FilterRegistrationBean   : Mapping filter: 'requestContextFilter' to: [/*]
2021-02-21 01:52:41.923  INFO 42740 --- [    Test worker] s.w.s.m.m.a.RequestMappingHandlerMapping : Mapped "{[/basic/todos/{todoId}],methods=[GET]}" onto public sej.springexample.model.Todo sej.springexample.controller.BasicController.getPath(int)
2021-02-21 01:52:41.930  INFO 42740 --- [    Test worker] s.w.s.m.m.a.RequestMappingHandlerMapping : Mapped "{[/basic/todo]}" onto public sej.springexample.model.Todo sej.springexample.controller.BasicController.basic()
2021-02-21 01:52:41.933  INFO 42740 --- [    Test worker] s.w.s.m.m.a.RequestMappingHandlerMapping : Mapped "{[/basic/todop],methods=[POST]}" onto public sej.springexample.model.Todo sej.springexample.controller.BasicController.postBasic(java.lang.String)
2021-02-21 01:52:41.945  INFO 42740 --- [    Test worker] s.w.s.m.m.a.RequestMappingHandlerMapping : Mapped "{[/basic/todoh],methods=[GET]}" onto public org.springframework.http.ResponseEntity<sej.springexample.model.TodoResource> sej.springexample.controller.BasicController.geth(java.lang.String)
2021-02-21 01:52:41.963  INFO 42740 --- [    Test worker] s.w.s.m.m.a.RequestMappingHandlerMapping : Mapped "{[/user/{userNo}]}" onto public org.springframework.http.ResponseEntity<sej.springexample.model.User> sej.springexample.controller.UserController.getUserInfo(int)
2021-02-21 01:52:41.977  INFO 42740 --- [    Test worker] s.w.s.m.m.a.RequestMappingHandlerMapping : Mapped "{[/user]}" onto public org.springframework.http.ResponseEntity<java.util.List<sej.springexample.model.User>> sej.springexample.controller.UserController.getUserList()
2021-02-21 01:52:41.985  INFO 42740 --- [    Test worker] s.w.s.m.m.a.RequestMappingHandlerMapping : Mapped "{[/v2/api-docs],methods=[GET],produces=[application/json || application/hal+json]}" onto public org.springframework.http.ResponseEntity<springfox.documentation.spring.web.json.Json> springfox.documentation.swagger2.web.Swagger2Controller.getDocumentation(java.lang.String,javax.servlet.http.HttpServletRequest)
2021-02-21 01:52:41.993  INFO 42740 --- [    Test worker] s.w.s.m.m.a.RequestMappingHandlerMapping : Mapped "{[/configuration/security]}" onto org.springframework.http.ResponseEntity<springfox.documentation.swagger.web.SecurityConfiguration> springfox.documentation.swagger.web.ApiResourceController.securityConfiguration()
2021-02-21 01:52:41.998  INFO 42740 --- [    Test worker] s.w.s.m.m.a.RequestMappingHandlerMapping : Mapped "{[/configuration/ui]}" onto org.springframework.http.ResponseEntity<springfox.documentation.swagger.web.UiConfiguration> springfox.documentation.swagger.web.ApiResourceController.uiConfiguration()
2021-02-21 01:52:42.004  INFO 42740 --- [    Test worker] s.w.s.m.m.a.RequestMappingHandlerMapping : Mapped "{[/swagger-resources]}" onto org.springframework.http.ResponseEntity<java.util.List<springfox.documentation.swagger.web.SwaggerResource>> springfox.documentation.swagger.web.ApiResourceController.swaggerResources()
2021-02-21 01:52:42.015  INFO 42740 --- [    Test worker] s.w.s.m.m.a.RequestMappingHandlerMapping : Mapped "{[/error]}" onto public org.springframework.http.ResponseEntity<java.util.Map<java.lang.String, java.lang.Object>> org.springframework.boot.autoconfigure.web.BasicErrorController.error(javax.servlet.http.HttpServletRequest)
2021-02-21 01:52:42.018  INFO 42740 --- [    Test worker] s.w.s.m.m.a.RequestMappingHandlerMapping : Mapped "{[/error],produces=[text/html]}" onto public org.springframework.web.servlet.ModelAndView org.springframework.boot.autoconfigure.web.BasicErrorController.errorHtml(javax.servlet.http.HttpServletRequest,javax.servlet.http.HttpServletResponse)
2021-02-21 01:52:42.841  INFO 42740 --- [    Test worker] s.w.s.m.m.a.RequestMappingHandlerAdapter : Looking for @ControllerAdvice: org.springframework.boot.context.embedded.AnnotationConfigEmbeddedWebApplicationContext@4e877e9a: startup date [Sun Feb 21 01:52:28 KST 2021]; root of context hierarchy
2021-02-21 01:52:43.066  INFO 42740 --- [    Test worker] o.s.w.s.handler.SimpleUrlHandlerMapping  : Mapped URL path [/webjars/**] onto handler of type [class org.springframework.web.servlet.resource.ResourceHttpRequestHandler]
2021-02-21 01:52:43.120  INFO 42740 --- [    Test worker] o.s.w.s.handler.SimpleUrlHandlerMapping  : Mapped URL path [/**] onto handler of type [class org.springframework.web.servlet.resource.ResourceHttpRequestHandler]
2021-02-21 01:52:43.387  INFO 42740 --- [    Test worker] o.s.w.s.handler.SimpleUrlHandlerMapping  : Mapped URL path [/**/favicon.ico] onto handler of type [class org.springframework.web.servlet.resource.ResourceHttpRequestHandler]
2021-02-21 01:52:43.846  INFO 42740 --- [    Test worker] d.s.w.p.DocumentationPluginsBootstrapper : Context refreshed
2021-02-21 01:52:43.920  INFO 42740 --- [    Test worker] d.s.w.p.DocumentationPluginsBootstrapper : Found 1 custom documentation plugin(s)
2021-02-21 01:52:43.984  INFO 42740 --- [    Test worker] s.d.s.w.s.ApiListingReferenceScanner     : Scanning for api listing references
2021-02-21 01:52:44.570  INFO 42740 --- [    Test worker] s.b.c.e.t.TomcatEmbeddedServletContainer : Tomcat started on port(s): 9090 (http)
2021-02-21 01:52:44.588  INFO 42740 --- [    Test worker] RestAPITest                              : Started RestAPITest in 17.155 seconds (JVM running for 22.895)
2021-02-21 01:52:45.181  INFO 42740 --- [io-9090-exec-10] o.a.c.c.C.[Tomcat].[localhost].[/]       : Initializing Spring FrameworkServlet 'dispatcherServlet'
2021-02-21 01:52:45.186  INFO 42740 --- [io-9090-exec-10] o.s.web.servlet.DispatcherServlet        : FrameworkServlet 'dispatcherServlet': initialization started
2021-02-21 01:52:45.314  INFO 42740 --- [io-9090-exec-10] o.s.web.servlet.DispatcherServlet        : FrameworkServlet 'dispatcherServlet': initialization completed in 114 ms
python
java
spring
django
등록일: Sat Feb 20 09:00:00 KST 2021,sej01,python
]]></system-out>
  <system-err><![CDATA[]]></system-err>
</testsuite>
